TN:
SF:src/components/Droplet/calculations.ts
FN:23,(anonymous_0)
FN:33,(anonymous_1)
FN:44,(anonymous_2)
FN:61,(anonymous_3)
FN:67,(anonymous_4)
FNF:5
FNH:5
FNDA:13,(anonymous_0)
FNDA:14,(anonymous_1)
FNDA:9,(anonymous_2)
FNDA:10,(anonymous_3)
FNDA:13,(anonymous_4)
DA:16,1
DA:17,1
DA:18,1
DA:19,1
DA:20,1
DA:21,1
DA:23,1
DA:26,13
DA:33,1
DA:37,14
DA:44,1
DA:48,9
DA:49,9
DA:51,9
DA:61,1
DA:64,10
DA:67,1
DA:68,13
DA:69,13
LF:19
LH:19
BRF:0
BRH:0
end_of_record
TN:
SF:src/components/PressGrid/utils.ts
FN:4,(anonymous_0)
FN:14,(anonymous_1)
FN:20,(anonymous_2)
FN:24,(anonymous_3)
FN:28,(anonymous_4)
FNF:5
FNH:5
FNDA:107,(anonymous_0)
FNDA:205,(anonymous_1)
FNDA:8,(anonymous_2)
FNDA:1,(anonymous_3)
FNDA:1,(anonymous_4)
DA:1,1
DA:2,1
DA:4,1
DA:5,107
DA:8,107
DA:11,107
DA:14,1
DA:15,205
DA:16,205
DA:17,205
DA:20,1
DA:21,8
DA:24,1
DA:25,1
DA:28,1
DA:29,1
LF:16
LH:16
BRDA:21,0,0,8
BRDA:21,0,1,7
BRDA:21,0,2,5
BRDA:21,0,3,4
BRF:4
BRH:4
end_of_record
TN:
SF:src/components/Rock/utils.ts
FNF:0
FNH:0
DA:1,1
LF:1
LH:1
BRF:0
BRH:0
end_of_record
TN:
SF:src/components/SandPlane/utils.ts
FN:9,(anonymous_0)
FN:17,(anonymous_1)
FN:26,(anonymous_2)
FNF:3
FNH:3
FNDA:9,(anonymous_0)
FNDA:77,(anonymous_1)
FNDA:135,(anonymous_2)
DA:7,1
DA:9,1
DA:17,9
DA:18,77
DA:24,9
DA:25,9
DA:28,135
DA:30,45
DA:31,45
DA:33,45
DA:34,45
DA:35,45
DA:37,45
DA:40,45
DA:41,12
DA:43,33
DA:45,33
DA:49,33
DA:52,45
DA:53,45
DA:56,45
DA:57,45
DA:59,0
DA:60,0
LF:24
LH:22
BRDA:23,0,0,44
BRDA:23,0,1,33
BRDA:28,1,0,45
BRDA:28,1,1,45
BRDA:28,1,2,45
BRDA:28,1,3,0
BRDA:40,2,0,12
BRDA:40,2,1,33
BRF:8
BRH:7
end_of_record
TN:
SF:src/components/Ship/calculations.ts
FN:26,(anonymous_0)
FN:56,(anonymous_1)
FN:74,(anonymous_2)
FN:93,(anonymous_3)
FN:110,(anonymous_4)
FNF:5
FNH:5
FNDA:15,(anonymous_0)
FNDA:10,(anonymous_1)
FNDA:13,(anonymous_2)
FNDA:5,(anonymous_3)
FNDA:4,(anonymous_4)
DA:1,1
DA:2,1
DA:26,1
DA:33,15
DA:40,15
DA:46,15
DA:47,15
DA:49,15
DA:56,1
DA:59,10
DA:60,5
DA:66,5
DA:74,1
DA:78,13
DA:80,13
DA:81,8
DA:86,5
DA:93,1
DA:99,5
DA:101,5
DA:102,5
DA:104,5
DA:110,1
DA:114,4
DA:115,4
DA:117,4
LF:26
LH:26
BRDA:30,0,0,0
BRDA:35,1,0,6
BRDA:35,1,1,9
BRDA:42,2,0,6
BRDA:42,2,1,9
BRDA:46,3,0,6
BRDA:46,3,1,9
BRDA:47,4,0,6
BRDA:47,4,1,9
BRDA:59,5,0,5
BRDA:59,5,1,5
BRDA:80,6,0,8
BRDA:80,6,1,5
BRDA:114,7,0,2
BRDA:114,7,1,2
BRDA:115,8,0,2
BRDA:115,8,1,2
BRF:17
BRH:16
end_of_record
TN:
SF:src/components/Ship/utils.ts
FNF:0
FNH:0
DA:1,1
DA:9,1
LF:2
LH:2
BRF:0
BRH:0
end_of_record
TN:
SF:src/components/ShipsPlane/utils.ts
FN:3,getRandomInt
FN:7,getShipCells
FN:26,hasOverlap
FN:52,isTooClose
FN:84,getRandomShips
FN:110,(anonymous_5)
FNF:6
FNH:6
FNDA:24602,getRandomInt
FNDA:54193,getShipCells
FNDA:12301,hasOverlap
FNDA:9851,isTooClose
FNDA:20,getRandomShips
FNDA:100,(anonymous_5)
DA:1,1
DA:4,24602
DA:13,54193
DA:14,54193
DA:15,9830
DA:16,27672
DA:19,44363
DA:20,127775
DA:23,54193
DA:34,12301
DA:35,22646
DA:41,22646
DA:42,80288
DA:43,179921
DA:44,11650
DA:49,651
DA:61,9851
DA:62,19246
DA:69,19246
DA:70,63738
DA:71,141721
DA:75,141721
DA:76,9800
DA:81,51
DA:84,1
DA:89,20
DA:94,20
DA:102,20
DA:110,20
DA:112,100
DA:113,100
DA:114,100
DA:117,100
DA:119,100
DA:120,9851
DA:121,6031
DA:123,6031
DA:130,6031
DA:132,6031
DA:133,1206
DA:134,1206
DA:136,4825
DA:137,4825
DA:140,3820
DA:141,204
DA:142,204
DA:144,3616
DA:145,3616
DA:149,9851
DA:150,9851
DA:151,9851
DA:153,9851
DA:154,51
DA:159,51
DA:162,9800
DA:165,100
DA:166,49
DA:167,49
DA:169,49
DA:170,2450
DA:171,350
DA:172,350
DA:174,2100
DA:175,2100
DA:178,2450
DA:179,2450
DA:181,2450
DA:182,0
DA:187,0
DA:189,2450
DA:193,100
LF:71
LH:69
BRDA:14,0,0,9830
BRDA:14,0,1,44363
BRDA:43,1,0,11650
BRDA:43,1,1,168271
BRDA:43,2,0,179921
BRDA:43,2,1,61606
BRDA:59,3,0,0
BRDA:75,4,0,9800
BRDA:75,4,1,131921
BRDA:117,5,0,17
BRDA:117,5,1,83
BRDA:120,6,0,6031
BRDA:120,6,1,3820
BRDA:120,7,0,9851
BRDA:120,7,1,6047
BRDA:132,8,0,1206
BRDA:132,8,1,4825
BRDA:140,9,0,204
BRDA:140,9,1,3616
BRDA:153,10,0,51
BRDA:153,10,1,9800
BRDA:153,11,0,9851
BRDA:153,11,1,651
BRDA:165,12,0,49
BRDA:165,12,1,51
BRDA:170,13,0,350
BRDA:170,13,1,2100
BRDA:181,14,0,0
BRDA:181,14,1,2450
BRF:29
BRH:27
end_of_record
TN:
SF:src/components/WaterExplosion/calculations.ts
FN:13,(anonymous_0)
FN:17,(anonymous_1)
FN:21,(anonymous_2)
FN:25,(anonymous_3)
FN:39,(anonymous_4)
FN:43,(anonymous_5)
FNF:6
FNH:6
FNDA:230,(anonymous_0)
FNDA:90,(anonymous_1)
FNDA:8,(anonymous_2)
FNDA:80,(anonymous_3)
FNDA:14,(anonymous_4)
FNDA:34,(anonymous_5)
DA:11,1
DA:13,1
DA:14,230
DA:17,1
DA:18,90
DA:21,1
DA:22,8
DA:23,8
DA:25,8
DA:26,80
DA:27,80
DA:33,8
DA:39,1
DA:40,14
DA:43,1
DA:44,34
DA:45,34
DA:46,34
LF:18
LH:18
BRF:0
BRH:0
end_of_record
TN:
SF:src/game/logic/battleship.ts
FN:36,(anonymous_0)
FN:42,(anonymous_1)
FN:46,(anonymous_2)
FN:50,(anonymous_3)
FN:54,(anonymous_4)
FN:58,(anonymous_5)
FN:62,(anonymous_6)
FN:73,(anonymous_7)
FN:101,(anonymous_8)
FN:117,(anonymous_9)
FN:127,(anonymous_10)
FN:131,(anonymous_11)
FN:165,(anonymous_12)
FN:167,(anonymous_13)
FN:177,(anonymous_14)
FN:181,(anonymous_15)
FN:190,(anonymous_16)
FN:196,(anonymous_17)
FN:199,(anonymous_18)
FN:203,(anonymous_19)
FN:207,(anonymous_20)
FN:211,(anonymous_21)
FN:213,(anonymous_22)
FN:218,(anonymous_23)
FNF:24
FNH:22
FNDA:14,(anonymous_0)
FNDA:4,(anonymous_1)
FNDA:3,(anonymous_2)
FNDA:3,(anonymous_3)
FNDA:2,(anonymous_4)
FNDA:1,(anonymous_5)
FNDA:10,(anonymous_6)
FNDA:10,(anonymous_7)
FNDA:24,(anonymous_8)
FNDA:28,(anonymous_9)
FNDA:9,(anonymous_10)
FNDA:3,(anonymous_11)
FNDA:5,(anonymous_12)
FNDA:5,(anonymous_13)
FNDA:4,(anonymous_14)
FNDA:2,(anonymous_15)
FNDA:10,(anonymous_16)
FNDA:3,(anonymous_17)
FNDA:0,(anonymous_18)
FNDA:3,(anonymous_19)
FNDA:2,(anonymous_20)
FNDA:2,(anonymous_21)
FNDA:2,(anonymous_22)
FNDA:0,(anonymous_23)
DA:31,1
DA:37,14
DA:38,14
DA:39,14
DA:43,4
DA:47,3
DA:51,3
DA:55,2
DA:59,1
DA:63,10
DA:64,10
DA:66,10
DA:67,8
DA:68,8
DA:70,2
DA:74,10
DA:75,10
DA:78,10
DA:79,20
DA:80,1
DA:85,9
DA:86,1
DA:87,1
DA:89,1
DA:90,1
DA:91,1
DA:92,1
DA:98,8
DA:102,24
DA:104,24
DA:105,23
DA:106,48
DA:109,1
DA:110,2
DA:114,24
DA:118,28
DA:124,28
DA:128,9
DA:131,9
DA:132,3
DA:135,9
DA:136,1
DA:141,8
DA:142,8
DA:143,8
DA:145,8
DA:146,12
DA:147,6
DA:148,6
DA:149,6
DA:152,8
DA:155,8
DA:161,8
DA:162,8
DA:166,5
DA:167,5
DA:169,5
DA:171,5
DA:172,5
DA:174,5
DA:178,4
DA:182,2
DA:184,1
DA:185,1
DA:187,0
DA:191,10
DA:194,10
DA:196,3
DA:200,0
DA:204,3
DA:208,2
DA:212,2
DA:213,2
DA:214,2
DA:219,0
DA:221,0
DA:222,0
DA:223,0
DA:225,0
DA:226,0
DA:227,0
DA:232,0
LF:82
LH:72
BRDA:36,0,0,0
BRDA:36,1,0,0
BRDA:55,2,0,1
BRDA:55,2,1,1
BRDA:59,3,0,0
BRDA:59,3,1,1
BRDA:63,4,0,4
BRDA:63,4,1,6
BRDA:66,5,0,8
BRDA:66,5,1,2
BRDA:79,6,0,1
BRDA:79,6,1,19
BRDA:79,7,0,20
BRDA:79,7,1,20
BRDA:79,7,2,19
BRDA:79,7,3,19
BRDA:91,8,0,1
BRDA:91,8,1,0
BRDA:91,9,0,1
BRDA:91,9,1,1
BRDA:104,10,0,23
BRDA:104,10,1,1
BRDA:128,11,0,9
BRDA:128,11,1,0
BRDA:132,12,0,3
BRDA:132,12,1,1
BRDA:135,13,0,1
BRDA:135,13,1,8
BRDA:146,14,0,6
BRDA:146,14,1,6
BRDA:146,15,0,12
BRDA:146,15,1,6
BRDA:152,16,0,6
BRDA:152,16,1,2
BRDA:166,17,0,0
BRDA:166,17,1,5
BRDA:169,18,0,0
BRDA:169,18,1,5
BRDA:178,19,0,4
BRDA:178,19,1,4
BRDA:182,20,0,1
BRDA:182,20,1,1
BRDA:184,21,0,0
BRDA:184,21,1,1
BRDA:185,22,0,1
BRDA:185,22,1,0
BRDA:191,23,0,5
BRDA:191,23,1,5
BRDA:194,24,0,7
BRDA:194,24,1,3
BRDA:200,25,0,0
BRDA:200,25,1,0
BRDA:204,26,0,3
BRDA:204,26,1,0
BRDA:208,27,0,0
BRDA:208,27,1,2
BRDA:212,28,0,0
BRDA:212,28,1,2
BRDA:214,29,0,2
BRDA:214,29,1,1
BRDA:219,30,0,0
BRDA:219,30,1,0
BRDA:226,31,0,0
BRDA:226,31,1,0
BRDA:226,32,0,0
BRDA:226,32,1,0
BRF:66
BRH:46
end_of_record
TN:
SF:src/game/logic/camera.ts
FN:37,(anonymous_0)
FN:41,(anonymous_1)
FN:45,(anonymous_2)
FN:57,(anonymous_3)
FN:62,(anonymous_4)
FN:71,(anonymous_5)
FN:75,(anonymous_6)
FN:82,(anonymous_7)
FN:86,(anonymous_8)
FN:94,(anonymous_9)
FNF:10
FNH:10
FNDA:29,(anonymous_0)
FNDA:26,(anonymous_1)
FNDA:7,(anonymous_2)
FNDA:2,(anonymous_3)
FNDA:4,(anonymous_4)
FNDA:6,(anonymous_5)
FNDA:5,(anonymous_6)
FNDA:2,(anonymous_7)
FNDA:8,(anonymous_8)
FNDA:3,(anonymous_9)
DA:18,1
DA:23,1
DA:28,1
DA:33,1
DA:35,29
DA:38,29
DA:42,26
DA:46,7
DA:48,7
DA:49,5
DA:51,2
DA:54,7
DA:58,2
DA:59,2
DA:63,4
DA:64,2
DA:66,2
DA:68,4
DA:72,6
DA:76,5
DA:77,5
DA:78,5
DA:79,5
DA:83,2
DA:87,8
DA:95,3
LF:26
LH:26
BRDA:37,0,0,28
BRDA:48,1,0,5
BRDA:48,1,1,2
BRDA:63,2,0,2
BRDA:63,2,1,2
BRF:5
BRH:5
end_of_record
TN:
SF:src/game/logic/math.ts
FN:13,(anonymous_0)
FN:20,(anonymous_1)
FN:26,(anonymous_2)
FN:30,(anonymous_3)
FN:34,(anonymous_4)
FN:42,(anonymous_5)
FN:49,(anonymous_6)
FN:53,(anonymous_7)
FN:57,(anonymous_8)
FN:61,(anonymous_9)
FN:65,(anonymous_10)
FN:69,(anonymous_11)
FN:73,(anonymous_12)
FN:77,(anonymous_13)
FN:81,(anonymous_14)
FN:85,(anonymous_15)
FN:93,(anonymous_16)
FN:98,(anonymous_17)
FN:102,(anonymous_18)
FNF:19
FNH:19
FNDA:3,(anonymous_0)
FNDA:1,(anonymous_1)
FNDA:2,(anonymous_2)
FNDA:9,(anonymous_3)
FNDA:1,(anonymous_4)
FNDA:1,(anonymous_5)
FNDA:6,(anonymous_6)
FNDA:3,(anonymous_7)
FNDA:2,(anonymous_8)
FNDA:1,(anonymous_9)
FNDA:1,(anonymous_10)
FNDA:1,(anonymous_11)
FNDA:3,(anonymous_12)
FNDA:3,(anonymous_13)
FNDA:5,(anonymous_14)
FNDA:2,(anonymous_15)
FNDA:3,(anonymous_16)
FNDA:10,(anonymous_17)
FNDA:3,(anonymous_18)
DA:12,1
DA:14,3
DA:15,3
DA:16,3
DA:17,3
DA:21,1
DA:22,1
DA:23,1
DA:27,2
DA:31,9
DA:35,1
DA:43,1
DA:50,6
DA:54,3
DA:58,2
DA:62,1
DA:66,1
DA:70,1
DA:74,3
DA:78,3
DA:82,5
DA:86,2
DA:94,3
DA:95,3
DA:99,10
DA:103,3
LF:26
LH:26
BRDA:82,0,0,5
BRDA:82,0,1,5
BRDA:82,0,2,3
BRDA:82,0,3,3
BRDA:87,1,0,2
BRDA:87,1,1,2
BRDA:87,1,2,1
BRDA:87,1,3,1
BRDA:87,1,4,1
BRDA:87,1,5,1
BRDA:98,2,0,1
BRDA:102,3,0,1
BRDA:104,4,0,3
BRDA:104,4,1,2
BRDA:104,4,2,2
BRF:15
BRH:15
end_of_record
TN:
SF:src/game/logic/shipGenerator.ts
FN:20,(anonymous_0)
FN:25,(anonymous_1)
FN:56,(anonymous_2)
FN:77,(anonymous_3)
FN:105,(anonymous_4)
FN:121,(anonymous_5)
FN:131,(anonymous_6)
FN:135,(anonymous_7)
FN:139,(anonymous_8)
FN:140,(anonymous_9)
FNF:10
FNH:10
FNDA:18,(anonymous_0)
FNDA:7,(anonymous_1)
FNDA:2062,(anonymous_2)
FNDA:2071,(anonymous_3)
FNDA:4326,(anonymous_4)
FNDA:6388,(anonymous_5)
FNDA:9,(anonymous_6)
FNDA:3,(anonymous_7)
FNDA:2,(anonymous_8)
FNDA:8,(anonymous_9)
DA:9,1
DA:12,18
DA:13,18
DA:21,18
DA:22,18
DA:26,7
DA:27,7
DA:29,7
DA:30,22
DA:32,22
DA:33,54
DA:34,54
DA:36,54
DA:37,2062
DA:39,2062
DA:40,52
DA:41,52
DA:44,2062
DA:47,54
DA:48,2
DA:53,5
DA:57,2062
DA:58,2062
DA:62,2062
DA:63,30
DA:68,2032
DA:74,2062
DA:78,2071
DA:79,2071
DA:82,2071
DA:83,4221
DA:84,3
DA:89,2068
DA:90,2255
DA:91,2255
DA:93,2255
DA:94,2905
DA:95,4188
DA:96,2011
DA:102,57
DA:106,4326
DA:108,4326
DA:109,161
DA:110,405
DA:113,4165
DA:114,8418
DA:118,4326
DA:122,6388
DA:128,6388
DA:132,9
DA:136,3
DA:140,8
LF:52
LH:52
BRDA:20,0,0,14
BRDA:20,1,0,14
BRDA:36,2,0,2116
BRDA:36,2,1,2114
BRDA:39,3,0,52
BRDA:39,3,1,2010
BRDA:47,4,0,2
BRDA:47,4,1,52
BRDA:57,5,0,30
BRDA:57,5,1,2032
BRDA:62,6,0,30
BRDA:62,6,1,2032
BRDA:83,7,0,3
BRDA:83,7,1,4218
BRDA:83,8,0,4221
BRDA:83,8,1,4221
BRDA:83,8,2,4219
BRDA:83,8,3,4219
BRDA:95,9,0,2011
BRDA:95,9,1,2177
BRDA:95,10,0,4188
BRDA:95,10,1,2199
BRDA:108,11,0,161
BRDA:108,11,1,4165
BRF:24
BRH:24
end_of_record
