TN:
SF:src/components/DebugInfo/DebugInfoContent.tsx
FN:10,(anonymous_0)
FN:40,(anonymous_1)
FN:43,(anonymous_2)
FN:71,(anonymous_3)
FN:79,(anonymous_4)
FN:85,(anonymous_5)
FN:102,(anonymous_6)
FN:151,(anonymous_7)
FN:186,(anonymous_8)
FN:212,(anonymous_9)
FN:245,(anonymous_10)
FN:273,(anonymous_11)
FN:279,(anonymous_12)
FN:296,(anonymous_13)
FN:313,(anonymous_14)
FN:330,(anonymous_15)
FN:351,(anonymous_16)
FN:368,(anonymous_17)
FN:385,(anonymous_18)
FN:402,(anonymous_19)
FN:443,(anonymous_20)
FNF:21
FNH:0
FNDA:0,(anonymous_0)
FNDA:0,(anonymous_1)
FNDA:0,(anonymous_2)
FNDA:0,(anonymous_3)
FNDA:0,(anonymous_4)
FNDA:0,(anonymous_5)
FNDA:0,(anonymous_6)
FNDA:0,(anonymous_7)
FNDA:0,(anonymous_8)
FNDA:0,(anonymous_9)
FNDA:0,(anonymous_10)
FNDA:0,(anonymous_11)
FNDA:0,(anonymous_12)
FNDA:0,(anonymous_13)
FNDA:0,(anonymous_14)
FNDA:0,(anonymous_15)
FNDA:0,(anonymous_16)
FNDA:0,(anonymous_17)
FNDA:0,(anonymous_18)
FNDA:0,(anonymous_19)
FNDA:0,(anonymous_20)
DA:1,1
DA:2,1
DA:3,1
DA:4,1
DA:5,1
DA:6,1
DA:10,1
DA:18,0
DA:26,0
DA:36,0
DA:38,0
DA:40,0
DA:41,0
DA:44,0
DA:45,0
DA:51,0
DA:71,0
DA:79,0
DA:80,0
DA:85,0
DA:102,0
DA:151,0
DA:152,0
DA:154,0
DA:187,0
DA:212,0
DA:213,0
DA:215,0
DA:246,0
DA:273,0
DA:274,0
DA:279,0
DA:296,0
DA:313,0
DA:330,0
DA:351,0
DA:368,0
DA:385,0
DA:402,0
DA:434,0
DA:443,0
LF:41
LH:7
BRDA:61,0,0,0
BRDA:61,0,1,0
BRDA:70,1,0,0
BRDA:70,1,1,0
BRDA:93,2,0,0
BRDA:93,2,1,0
BRDA:95,3,0,0
BRDA:95,3,1,0
BRDA:98,4,0,0
BRDA:98,4,1,0
BRDA:110,5,0,0
BRDA:110,5,1,0
BRDA:112,6,0,0
BRDA:112,6,1,0
BRDA:115,7,0,0
BRDA:115,7,1,0
BRDA:127,8,0,0
BRDA:127,8,1,0
BRDA:129,9,0,0
BRDA:129,9,1,0
BRDA:136,10,0,0
BRDA:136,10,1,0
BRDA:140,11,0,0
BRDA:140,11,1,0
BRDA:141,12,0,0
BRDA:141,12,1,0
BRDA:145,13,0,0
BRDA:145,13,1,0
BRDA:152,14,0,0
BRDA:152,14,1,0
BRDA:167,15,0,0
BRDA:167,15,1,0
BRDA:188,16,0,0
BRDA:188,16,1,0
BRDA:188,17,0,0
BRDA:188,17,1,0
BRDA:213,18,0,0
BRDA:213,18,1,0
BRDA:213,19,0,0
BRDA:213,19,1,0
BRDA:219,20,0,0
BRDA:219,20,1,0
BRDA:221,21,0,0
BRDA:221,21,1,0
BRDA:224,22,0,0
BRDA:224,22,1,0
BRDA:227,23,0,0
BRDA:227,23,1,0
BRDA:229,24,0,0
BRDA:229,24,1,0
BRDA:233,25,0,0
BRDA:233,25,1,0
BRDA:236,26,0,0
BRDA:236,26,1,0
BRDA:247,27,0,0
BRDA:247,27,1,0
BRDA:247,28,0,0
BRDA:247,28,1,0
BRDA:280,29,0,0
BRDA:280,29,1,0
BRDA:287,30,0,0
BRDA:287,30,1,0
BRDA:287,31,0,0
BRDA:287,31,1,0
BRDA:289,32,0,0
BRDA:289,32,1,0
BRDA:289,33,0,0
BRDA:289,33,1,0
BRDA:292,34,0,0
BRDA:292,34,1,0
BRDA:297,35,0,0
BRDA:297,35,1,0
BRDA:304,36,0,0
BRDA:304,36,1,0
BRDA:304,37,0,0
BRDA:304,37,1,0
BRDA:306,38,0,0
BRDA:306,38,1,0
BRDA:306,39,0,0
BRDA:306,39,1,0
BRDA:309,40,0,0
BRDA:309,40,1,0
BRDA:314,41,0,0
BRDA:314,41,1,0
BRDA:321,42,0,0
BRDA:321,42,1,0
BRDA:321,43,0,0
BRDA:321,43,1,0
BRDA:323,44,0,0
BRDA:323,44,1,0
BRDA:323,45,0,0
BRDA:323,45,1,0
BRDA:326,46,0,0
BRDA:326,46,1,0
BRDA:331,47,0,0
BRDA:331,47,1,0
BRDA:338,48,0,0
BRDA:338,48,1,0
BRDA:338,49,0,0
BRDA:338,49,1,0
BRDA:340,50,0,0
BRDA:340,50,1,0
BRDA:340,51,0,0
BRDA:340,51,1,0
BRDA:343,52,0,0
BRDA:343,52,1,0
BRDA:352,53,0,0
BRDA:352,53,1,0
BRDA:359,54,0,0
BRDA:359,54,1,0
BRDA:359,55,0,0
BRDA:359,55,1,0
BRDA:361,56,0,0
BRDA:361,56,1,0
BRDA:361,57,0,0
BRDA:361,57,1,0
BRDA:364,58,0,0
BRDA:364,58,1,0
BRDA:369,59,0,0
BRDA:369,59,1,0
BRDA:376,60,0,0
BRDA:376,60,1,0
BRDA:376,61,0,0
BRDA:376,61,1,0
BRDA:378,62,0,0
BRDA:378,62,1,0
BRDA:378,63,0,0
BRDA:378,63,1,0
BRDA:381,64,0,0
BRDA:381,64,1,0
BRDA:386,65,0,0
BRDA:386,65,1,0
BRDA:393,66,0,0
BRDA:393,66,1,0
BRDA:393,67,0,0
BRDA:393,67,1,0
BRDA:395,68,0,0
BRDA:395,68,1,0
BRDA:395,69,0,0
BRDA:395,69,1,0
BRDA:398,70,0,0
BRDA:398,70,1,0
BRDA:403,71,0,0
BRDA:403,71,1,0
BRDA:410,72,0,0
BRDA:410,72,1,0
BRDA:410,73,0,0
BRDA:410,73,1,0
BRDA:412,74,0,0
BRDA:412,74,1,0
BRDA:412,75,0,0
BRDA:412,75,1,0
BRDA:415,76,0,0
BRDA:415,76,1,0
BRDA:419,77,0,0
BRDA:419,77,1,0
BRDA:419,77,2,0
BRDA:428,78,0,0
BRDA:428,78,1,0
BRDA:436,79,0,0
BRDA:436,79,1,0
BRF:161
BRH:0
end_of_record
TN:
SF:src/components/DebugPanel/GameInitializerPanel.tsx
FN:6,(anonymous_0)
FN:33,(anonymous_1)
FN:36,(anonymous_2)
FN:44,(anonymous_3)
FN:51,(anonymous_4)
FN:61,(anonymous_5)
FN:66,(anonymous_6)
FN:83,(anonymous_7)
FN:92,(anonymous_8)
FN:104,(anonymous_9)
FN:110,(anonymous_10)
FN:125,(anonymous_11)
FN:140,(anonymous_12)
FN:150,(anonymous_13)
FN:284,(anonymous_14)
FNF:15
FNH:0
FNDA:0,(anonymous_0)
FNDA:0,(anonymous_1)
FNDA:0,(anonymous_2)
FNDA:0,(anonymous_3)
FNDA:0,(anonymous_4)
FNDA:0,(anonymous_5)
FNDA:0,(anonymous_6)
FNDA:0,(anonymous_7)
FNDA:0,(anonymous_8)
FNDA:0,(anonymous_9)
FNDA:0,(anonymous_10)
FNDA:0,(anonymous_11)
FNDA:0,(anonymous_12)
FNDA:0,(anonymous_13)
FNDA:0,(anonymous_14)
DA:1,1
DA:2,1
DA:3,1
DA:6,1
DA:17,0
DA:19,0
DA:20,0
DA:33,0
DA:34,0
DA:35,0
DA:36,0
DA:44,0
DA:51,0
DA:52,0
DA:61,0
DA:66,0
DA:67,0
DA:83,0
DA:92,0
DA:105,0
DA:110,0
DA:125,0
DA:140,0
DA:151,0
DA:171,0
DA:284,0
LF:26
LH:4
BRDA:34,0,0,0
BRDA:34,0,1,0
BRDA:109,1,0,0
BRDA:109,1,1,0
BRDA:160,2,0,0
BRDA:160,2,1,0
BRDA:163,3,0,0
BRDA:163,3,1,0
BRDA:166,4,0,0
BRDA:166,4,1,0
BRDA:175,5,0,0
BRDA:175,5,1,0
BRDA:198,6,0,0
BRDA:198,6,1,0
BRDA:200,7,0,0
BRDA:200,7,1,0
BRDA:203,8,0,0
BRDA:203,8,1,0
BRDA:215,9,0,0
BRDA:215,9,1,0
BRDA:217,10,0,0
BRDA:217,10,1,0
BRDA:220,11,0,0
BRDA:220,11,1,0
BRDA:232,12,0,0
BRDA:232,12,1,0
BRDA:234,13,0,0
BRDA:234,13,1,0
BRDA:237,14,0,0
BRDA:237,14,1,0
BRDA:242,15,0,0
BRDA:242,15,1,0
BRDA:249,16,0,0
BRDA:249,16,1,0
BRDA:249,17,0,0
BRDA:249,17,1,0
BRDA:251,18,0,0
BRDA:251,18,1,0
BRDA:251,19,0,0
BRDA:251,19,1,0
BRDA:266,20,0,0
BRDA:266,20,1,0
BRDA:268,21,0,0
BRDA:268,21,1,0
BRDA:275,22,0,0
BRDA:275,22,1,0
BRDA:296,23,0,0
BRDA:296,23,1,0
BRDA:299,24,0,0
BRDA:299,24,1,0
BRF:50
BRH:0
end_of_record
TN:
SF:src/components/Droplet/calculations.ts
FN:25,(anonymous_0)
FN:35,(anonymous_1)
FN:46,(anonymous_2)
FN:63,(anonymous_3)
FN:69,(anonymous_4)
FNF:5
FNH:5
FNDA:13,(anonymous_0)
FNDA:14,(anonymous_1)
FNDA:9,(anonymous_2)
FNDA:10,(anonymous_3)
FNDA:13,(anonymous_4)
DA:1,1
DA:18,1
DA:19,1
DA:20,1
DA:21,1
DA:22,1
DA:23,1
DA:25,1
DA:28,13
DA:35,1
DA:39,14
DA:46,1
DA:50,9
DA:51,9
DA:53,9
DA:63,1
DA:66,10
DA:69,1
DA:70,13
DA:71,13
LF:20
LH:20
BRF:0
BRH:0
end_of_record
TN:
SF:src/components/PerformanceDashboard/PerformanceContent.tsx
FN:12,(anonymous_0)
FN:38,(anonymous_1)
FN:41,(anonymous_2)
FN:48,(anonymous_3)
FN:51,(anonymous_4)
FN:57,(anonymous_5)
FN:79,(anonymous_6)
FNF:7
FNH:0
FNDA:0,(anonymous_0)
FNDA:0,(anonymous_1)
FNDA:0,(anonymous_2)
FNDA:0,(anonymous_3)
FNDA:0,(anonymous_4)
FNDA:0,(anonymous_5)
FNDA:0,(anonymous_6)
DA:1,1
DA:2,1
DA:12,1
DA:18,0
DA:19,0
DA:26,0
DA:38,0
DA:39,0
DA:41,0
DA:42,0
DA:43,0
DA:46,0
DA:48,0
DA:51,0
DA:52,0
DA:53,0
DA:54,0
DA:57,0
DA:58,0
DA:59,0
DA:60,0
DA:63,0
DA:65,0
DA:79,0
LF:24
LH:3
BRDA:14,0,0,0
BRDA:15,1,0,0
BRDA:39,2,0,0
BRDA:39,2,1,0
BRDA:52,3,0,0
BRDA:52,3,1,0
BRDA:53,4,0,0
BRDA:53,4,1,0
BRDA:58,5,0,0
BRDA:58,5,1,0
BRDA:63,6,0,0
BRDA:63,6,1,0
BRDA:84,7,0,0
BRDA:84,7,1,0
BRDA:88,8,0,0
BRDA:88,8,1,0
BRDA:95,9,0,0
BRDA:95,9,1,0
BRDA:95,9,2,0
BRF:19
BRH:0
end_of_record
TN:
SF:src/components/Rock/utils.ts
FNF:0
FNH:0
DA:1,1
LF:1
LH:1
BRF:0
BRH:0
end_of_record
TN:
SF:src/components/SandPlane/utils.ts
FN:9,(anonymous_0)
FN:17,(anonymous_1)
FN:26,(anonymous_2)
FNF:3
FNH:3
FNDA:9,(anonymous_0)
FNDA:77,(anonymous_1)
FNDA:135,(anonymous_2)
DA:7,1
DA:9,1
DA:17,9
DA:18,77
DA:24,9
DA:25,9
DA:28,135
DA:30,45
DA:31,45
DA:33,45
DA:34,45
DA:35,45
DA:37,45
DA:40,45
DA:41,12
DA:43,33
DA:45,33
DA:49,33
DA:52,45
DA:53,45
DA:56,45
DA:57,45
DA:59,0
DA:60,0
LF:24
LH:22
BRDA:23,0,0,44
BRDA:23,0,1,33
BRDA:28,1,0,45
BRDA:28,1,1,45
BRDA:28,1,2,45
BRDA:28,1,3,0
BRDA:40,2,0,12
BRDA:40,2,1,33
BRF:8
BRH:7
end_of_record
TN:
SF:src/components/Ship/calculations.ts
FN:35,(anonymous_0)
FN:61,(anonymous_1)
FN:79,(anonymous_2)
FN:92,(anonymous_3)
FN:111,(anonymous_4)
FN:128,(anonymous_5)
FN:141,(anonymous_6)
FN:168,(anonymous_7)
FN:185,(anonymous_8)
FN:189,(anonymous_9)
FN:215,(anonymous_10)
FNF:11
FNH:7
FNDA:4,(anonymous_0)
FNDA:2,(anonymous_1)
FNDA:0,(anonymous_2)
FNDA:2,(anonymous_3)
FNDA:1,(anonymous_4)
FNDA:2,(anonymous_5)
FNDA:0,(anonymous_6)
FNDA:0,(anonymous_7)
FNDA:0,(anonymous_8)
FNDA:8,(anonymous_9)
FNDA:6,(anonymous_10)
DA:1,1
DA:3,1
DA:35,1
DA:43,4
DA:45,4
DA:48,4
DA:51,4
DA:52,4
DA:54,4
DA:61,1
DA:64,2
DA:65,1
DA:71,1
DA:79,1
DA:82,0
DA:83,0
DA:85,0
DA:92,1
DA:96,2
DA:98,2
DA:99,1
DA:104,1
DA:111,1
DA:117,1
DA:119,1
DA:120,1
DA:122,1
DA:128,1
DA:132,2
DA:133,2
DA:135,2
DA:141,1
DA:150,0
DA:151,0
DA:152,0
DA:153,0
DA:155,0
DA:156,0
DA:157,0
DA:159,0
DA:161,0
DA:168,1
DA:174,0
DA:176,0
DA:177,0
DA:178,0
DA:179,0
DA:182,0
DA:185,1
DA:186,0
DA:189,1
DA:194,8
DA:200,8
DA:201,4
DA:207,4
DA:215,1
DA:222,6
LF:57
LH:38
BRDA:41,0,0,0
BRDA:46,1,0,1
BRDA:46,1,1,3
BRDA:49,2,0,1
BRDA:49,2,1,3
BRDA:51,3,0,1
BRDA:51,3,1,3
BRDA:52,4,0,1
BRDA:52,4,1,3
BRDA:64,5,0,1
BRDA:64,5,1,1
BRDA:83,6,0,0
BRDA:83,6,1,0
BRDA:83,7,0,0
BRDA:83,7,1,0
BRDA:98,8,0,1
BRDA:98,8,1,1
BRDA:132,9,0,1
BRDA:132,9,1,1
BRDA:133,10,0,1
BRDA:133,10,1,1
BRDA:147,11,0,0
BRDA:148,12,0,0
BRDA:156,13,0,0
BRDA:156,13,1,0
BRDA:156,14,0,0
BRDA:156,14,1,0
BRDA:156,15,0,0
BRDA:156,15,1,0
BRDA:157,16,0,0
BRDA:157,16,1,0
BRDA:157,17,0,0
BRDA:157,17,1,0
BRDA:157,18,0,0
BRDA:157,18,1,0
BRDA:177,19,0,0
BRDA:177,19,1,0
BRDA:178,20,0,0
BRDA:178,20,1,0
BRDA:192,21,0,0
BRDA:200,22,0,4
BRDA:200,22,1,4
BRF:42
BRH:18
end_of_record
TN:
SF:src/components/Ship/utils.ts
FNF:0
FNH:0
DA:1,1
DA:2,1
DA:10,1
LF:3
LH:3
BRF:0
BRH:0
end_of_record
TN:
SF:src/components/ShipsPlane/utils.ts
FN:3,getRandomInt
FN:7,getGridSize
FN:12,getShipCells
FN:31,hasOverlap
FN:57,isTooClose
FN:89,getRandomShips
FN:99,getRandomShipsWithConfig
FN:117,(anonymous_7)
FN:208,getFewShips
FNF:9
FNH:8
FNDA:24602,getRandomInt
FNDA:90943,getGridSize
FNDA:54193,getShipCells
FNDA:12301,hasOverlap
FNDA:9851,isTooClose
FNDA:20,getRandomShips
FNDA:20,getRandomShipsWithConfig
FNDA:100,(anonymous_7)
FNDA:0,getFewShips
DA:1,1
DA:4,24602
DA:8,90943
DA:9,90943
DA:18,54193
DA:19,54193
DA:20,9830
DA:21,27672
DA:24,44363
DA:25,127775
DA:28,54193
DA:39,12301
DA:40,22646
DA:46,22646
DA:47,80288
DA:48,179921
DA:49,11650
DA:54,651
DA:66,9851
DA:67,19246
DA:74,19246
DA:75,63738
DA:76,141721
DA:80,141721
DA:81,9800
DA:86,51
DA:89,1
DA:90,20
DA:99,1
DA:107,20
DA:109,20
DA:117,20
DA:119,100
DA:120,100
DA:121,100
DA:124,100
DA:126,100
DA:127,9851
DA:128,6031
DA:130,6031
DA:137,6031
DA:139,6031
DA:140,1206
DA:141,1206
DA:143,4825
DA:144,4825
DA:147,3820
DA:148,204
DA:149,204
DA:151,3616
DA:152,3616
DA:156,9851
DA:157,9851
DA:158,9851
DA:160,9851
DA:161,51
DA:166,51
DA:169,9800
DA:172,100
DA:173,49
DA:174,49
DA:176,49
DA:177,2450
DA:178,350
DA:179,350
DA:181,2100
DA:182,2100
DA:185,2450
DA:186,2450
DA:188,2450
DA:189,0
DA:194,0
DA:196,2450
DA:200,100
DA:208,1
DA:209,0
LF:76
LH:73
BRDA:19,0,0,9830
BRDA:19,0,1,44363
BRDA:48,1,0,11650
BRDA:48,1,1,168271
BRDA:48,2,0,179921
BRDA:48,2,1,61606
BRDA:64,3,0,0
BRDA:80,4,0,9800
BRDA:80,4,1,131921
BRDA:124,5,0,17
BRDA:124,5,1,83
BRDA:127,6,0,6031
BRDA:127,6,1,3820
BRDA:127,7,0,9851
BRDA:127,7,1,6047
BRDA:139,8,0,1206
BRDA:139,8,1,4825
BRDA:147,9,0,204
BRDA:147,9,1,3616
BRDA:160,10,0,51
BRDA:160,10,1,9800
BRDA:160,11,0,9851
BRDA:160,11,1,651
BRDA:172,12,0,49
BRDA:172,12,1,51
BRDA:177,13,0,350
BRDA:177,13,1,2100
BRDA:188,14,0,0
BRDA:188,14,1,2450
BRF:29
BRH:27
end_of_record
TN:
SF:src/components/WaterExplosion/calculations.ts
FN:30,(anonymous_0)
FN:34,(anonymous_1)
FN:38,(anonymous_2)
FN:42,(anonymous_3)
FN:56,(anonymous_4)
FN:60,(anonymous_5)
FNF:6
FNH:6
FNDA:230,(anonymous_0)
FNDA:90,(anonymous_1)
FNDA:8,(anonymous_2)
FNDA:80,(anonymous_3)
FNDA:14,(anonymous_4)
FNDA:34,(anonymous_5)
DA:1,1
DA:28,1
DA:30,1
DA:31,230
DA:34,1
DA:35,90
DA:38,1
DA:39,8
DA:40,8
DA:42,8
DA:43,80
DA:44,80
DA:50,8
DA:56,1
DA:57,14
DA:60,1
DA:61,34
DA:62,34
DA:63,34
LF:19
LH:19
BRF:0
BRH:0
end_of_record
TN:
SF:src/game/logic/battleSimulator.ts
FN:67,(anonymous_0)
FN:76,(anonymous_1)
FN:80,(anonymous_2)
FN:88,(anonymous_3)
FN:98,(anonymous_4)
FN:100,(anonymous_5)
FN:104,(anonymous_6)
FN:106,(anonymous_7)
FN:110,(anonymous_8)
FN:122,(anonymous_9)
FN:124,(anonymous_10)
FN:133,(anonymous_11)
FN:143,(anonymous_12)
FN:176,(anonymous_13)
FN:216,(anonymous_14)
FN:234,(anonymous_15)
FN:235,(anonymous_16)
FN:236,(anonymous_17)
FN:243,(anonymous_18)
FN:244,(anonymous_19)
FN:246,(anonymous_20)
FN:251,(anonymous_21)
FN:261,(anonymous_22)
FN:272,(anonymous_23)
FN:273,(anonymous_24)
FNF:25
FNH:24
FNDA:14,(anonymous_0)
FNDA:14,(anonymous_1)
FNDA:1,(anonymous_2)
FNDA:1,(anonymous_3)
FNDA:14,(anonymous_4)
FNDA:0,(anonymous_5)
FNDA:26,(anonymous_6)
FNDA:1314,(anonymous_7)
FNDA:260,(anonymous_8)
FNDA:14,(anonymous_9)
FNDA:14,(anonymous_10)
FNDA:3,(anonymous_11)
FNDA:5,(anonymous_12)
FNDA:10,(anonymous_13)
FNDA:50,(anonymous_14)
FNDA:13,(anonymous_15)
FNDA:54,(anonymous_16)
FNDA:54,(anonymous_17)
FNDA:31,(anonymous_18)
FNDA:23,(anonymous_19)
FNDA:122,(anonymous_20)
FNDA:121,(anonymous_21)
FNDA:3,(anonymous_22)
FNDA:30,(anonymous_23)
FNDA:30,(anonymous_24)
DA:1,2
DA:2,2
DA:3,2
DA:60,2
DA:65,14
DA:68,14
DA:69,14
DA:70,14
DA:71,14
DA:73,14
DA:77,14
DA:79,14
DA:80,1
DA:81,1
DA:84,13
DA:87,14
DA:88,1
DA:89,1
DA:92,13
DA:95,14
DA:99,14
DA:100,14
DA:101,14
DA:105,26
DA:106,1314
DA:108,26
DA:109,26
DA:110,26
DA:111,260
DA:118,26
DA:123,14
DA:124,14
DA:126,14
DA:127,14
DA:129,14
DA:134,3
DA:136,3
DA:137,5
DA:140,3
DA:144,5
DA:146,1
DA:148,1
DA:154,1
DA:157,4
DA:158,4
DA:159,4
DA:161,4
DA:170,4
DA:172,4
DA:177,10
DA:178,10
DA:180,10
DA:181,50
DA:183,50
DA:184,0
DA:187,50
DA:188,50
DA:190,50
DA:192,50
DA:193,50
DA:195,50
DA:204,50
DA:205,50
DA:207,0
DA:208,0
DA:213,10
DA:217,50
DA:218,50
DA:220,50
DA:221,5000
DA:226,5000
DA:227,4917
DA:231,50
DA:235,54
DA:236,54
DA:238,13
DA:243,31
DA:244,23
DA:246,122
DA:251,121
DA:268,3
DA:272,30
DA:273,30
LF:83
LH:80
BRDA:79,0,0,1
BRDA:79,0,1,13
BRDA:87,1,0,1
BRDA:87,1,1,13
BRDA:144,2,0,1
BRDA:144,2,1,4
BRDA:146,3,0,1
BRDA:146,3,1,0
BRDA:146,4,0,1
BRDA:146,4,1,1
BRDA:146,4,2,1
BRDA:146,4,3,1
BRDA:157,5,0,4
BRDA:157,5,1,0
BRDA:158,6,0,3
BRDA:158,6,1,1
BRDA:166,7,0,0
BRDA:166,7,1,4
BRDA:166,8,0,4
BRDA:166,8,1,0
BRDA:176,9,0,0
BRDA:180,10,0,60
BRDA:180,10,1,60
BRDA:183,11,0,0
BRDA:183,11,1,50
BRDA:190,12,0,28
BRDA:190,12,1,22
BRDA:200,13,0,17
BRDA:200,13,1,33
BRDA:200,14,0,50
BRDA:200,14,1,17
BRDA:207,15,0,0
BRDA:207,15,1,0
BRDA:226,16,0,4917
BRDA:226,16,1,83
BRF:35
BRH:27
end_of_record
TN:
SF:src/game/logic/battleship.ts
FN:36,(anonymous_0)
FN:42,(anonymous_1)
FN:46,(anonymous_2)
FN:50,(anonymous_3)
FN:54,(anonymous_4)
FN:58,(anonymous_5)
FN:62,(anonymous_6)
FN:73,(anonymous_7)
FN:99,(anonymous_8)
FN:115,(anonymous_9)
FN:125,(anonymous_10)
FN:128,(anonymous_11)
FN:161,(anonymous_12)
FN:163,(anonymous_13)
FN:173,(anonymous_14)
FN:177,(anonymous_15)
FN:186,(anonymous_16)
FN:191,(anonymous_17)
FN:194,(anonymous_18)
FN:198,(anonymous_19)
FN:202,(anonymous_20)
FN:206,(anonymous_21)
FN:208,(anonymous_22)
FN:213,(anonymous_23)
FNF:24
FNH:22
FNDA:28,(anonymous_0)
FNDA:61,(anonymous_1)
FNDA:57,(anonymous_2)
FNDA:3,(anonymous_3)
FNDA:56,(anonymous_4)
FNDA:15,(anonymous_5)
FNDA:273,(anonymous_6)
FNDA:273,(anonymous_7)
FNDA:2188,(anonymous_8)
FNDA:2192,(anonymous_9)
FNDA:63,(anonymous_10)
FNDA:68,(anonymous_11)
FNDA:240,(anonymous_12)
FNDA:609,(anonymous_13)
FNDA:83,(anonymous_14)
FNDA:18,(anonymous_15)
FNDA:168,(anonymous_16)
FNDA:161,(anonymous_17)
FNDA:0,(anonymous_18)
FNDA:35,(anonymous_19)
FNDA:2,(anonymous_20)
FNDA:5002,(anonymous_21)
FNDA:8527,(anonymous_22)
FNDA:0,(anonymous_23)
DA:31,3
DA:37,28
DA:38,28
DA:39,28
DA:43,61
DA:47,57
DA:51,3
DA:55,56
DA:59,15
DA:63,273
DA:64,273
DA:66,273
DA:67,271
DA:68,271
DA:70,2
DA:74,273
DA:75,273
DA:77,273
DA:78,806
DA:79,1
DA:83,272
DA:84,1181
DA:85,1181
DA:87,1181
DA:88,4233
DA:89,10461
DA:90,1
DA:96,271
DA:100,2188
DA:102,2188
DA:103,721
DA:104,1964
DA:107,1467
DA:108,3670
DA:112,2188
DA:116,2192
DA:122,2192
DA:126,63
DA:128,63
DA:129,68
DA:132,63
DA:133,1
DA:137,62
DA:138,494
DA:139,494
DA:141,494
DA:142,1401
DA:143,23
DA:144,23
DA:145,23
DA:148,494
DA:151,62
DA:157,62
DA:158,62
DA:162,240
DA:163,609
DA:165,240
DA:167,240
DA:168,240
DA:170,240
DA:174,83
DA:178,18
DA:180,1
DA:181,1
DA:183,0
DA:187,168
DA:189,168
DA:191,161
DA:195,0
DA:199,35
DA:203,2
DA:207,5002
DA:208,5002
DA:209,8527
DA:214,0
DA:216,0
DA:217,0
DA:218,0
DA:220,0
DA:221,0
DA:222,0
DA:227,0
LF:82
LH:72
BRDA:36,0,0,0
BRDA:36,1,0,0
BRDA:55,2,0,32
BRDA:55,2,1,24
BRDA:59,3,0,13
BRDA:59,3,1,2
BRDA:63,4,0,136
BRDA:63,4,1,137
BRDA:66,5,0,271
BRDA:66,5,1,2
BRDA:78,6,0,1
BRDA:78,6,1,805
BRDA:78,7,0,806
BRDA:78,7,1,806
BRDA:78,7,2,805
BRDA:78,7,3,805
BRDA:89,8,0,1
BRDA:89,8,1,10460
BRDA:89,9,0,10461
BRDA:89,9,1,705
BRDA:102,10,0,721
BRDA:102,10,1,1467
BRDA:126,11,0,40
BRDA:126,11,1,23
BRDA:129,12,0,68
BRDA:129,12,1,9
BRDA:132,13,0,1
BRDA:132,13,1,62
BRDA:142,14,0,23
BRDA:142,14,1,1378
BRDA:142,15,0,1401
BRDA:142,15,1,135
BRDA:148,16,0,23
BRDA:148,16,1,471
BRDA:162,17,0,117
BRDA:162,17,1,123
BRDA:165,18,0,0
BRDA:165,18,1,240
BRDA:174,19,0,83
BRDA:174,19,1,83
BRDA:178,20,0,17
BRDA:178,20,1,1
BRDA:180,21,0,0
BRDA:180,21,1,1
BRDA:181,22,0,1
BRDA:181,22,1,0
BRDA:187,23,0,84
BRDA:187,23,1,84
BRDA:189,24,0,7
BRDA:189,24,1,161
BRDA:195,25,0,0
BRDA:195,25,1,0
BRDA:199,26,0,19
BRDA:199,26,1,16
BRDA:203,27,0,0
BRDA:203,27,1,2
BRDA:207,28,0,0
BRDA:207,28,1,5002
BRDA:209,29,0,8527
BRDA:209,29,1,874
BRDA:214,30,0,0
BRDA:214,30,1,0
BRDA:221,31,0,0
BRDA:221,31,1,0
BRDA:221,32,0,0
BRDA:221,32,1,0
BRF:66
BRH:51
end_of_record
TN:
SF:src/game/logic/camera.ts
FN:37,(anonymous_0)
FN:41,(anonymous_1)
FN:45,(anonymous_2)
FN:57,(anonymous_3)
FN:62,(anonymous_4)
FN:71,(anonymous_5)
FN:75,(anonymous_6)
FN:82,(anonymous_7)
FN:86,(anonymous_8)
FN:94,(anonymous_9)
FNF:10
FNH:10
FNDA:29,(anonymous_0)
FNDA:26,(anonymous_1)
FNDA:7,(anonymous_2)
FNDA:2,(anonymous_3)
FNDA:4,(anonymous_4)
FNDA:6,(anonymous_5)
FNDA:5,(anonymous_6)
FNDA:2,(anonymous_7)
FNDA:8,(anonymous_8)
FNDA:3,(anonymous_9)
DA:18,1
DA:23,1
DA:28,1
DA:33,1
DA:35,29
DA:38,29
DA:42,26
DA:46,7
DA:48,7
DA:49,5
DA:51,2
DA:54,7
DA:58,2
DA:59,2
DA:63,4
DA:64,2
DA:66,2
DA:68,4
DA:72,6
DA:76,5
DA:77,5
DA:78,5
DA:79,5
DA:83,2
DA:87,8
DA:95,3
LF:26
LH:26
BRDA:37,0,0,28
BRDA:48,1,0,5
BRDA:48,1,1,2
BRDA:63,2,0,2
BRDA:63,2,1,2
BRF:5
BRH:5
end_of_record
TN:
SF:src/game/logic/deterministicRandom.ts
FN:5,(anonymous_0)
FN:10,(anonymous_1)
FN:14,(anonymous_2)
FN:19,(anonymous_3)
FN:24,(anonymous_4)
FN:28,(anonymous_5)
FN:32,(anonymous_6)
FN:39,(anonymous_7)
FN:43,(anonymous_8)
FN:52,(anonymous_9)
FN:56,(anonymous_10)
FN:60,(anonymous_11)
FN:64,(anonymous_12)
FNF:13
FNH:8
FNDA:29,(anonymous_0)
FNDA:1,(anonymous_1)
FNDA:0,(anonymous_2)
FNDA:2741,(anonymous_3)
FNDA:251,(anonymous_4)
FNDA:1000,(anonymous_5)
FNDA:101,(anonymous_6)
FNDA:1,(anonymous_7)
FNDA:1,(anonymous_8)
FNDA:0,(anonymous_9)
FNDA:0,(anonymous_10)
FNDA:0,(anonymous_11)
FNDA:0,(anonymous_12)
DA:1,3
DA:6,29
DA:7,29
DA:11,1
DA:15,0
DA:16,0
DA:20,2741
DA:21,2741
DA:25,251
DA:29,1000
DA:33,101
DA:34,1
DA:36,100
DA:40,1
DA:44,1
DA:45,1
DA:46,1
DA:50,3
DA:52,3
DA:53,0
DA:56,3
DA:57,0
DA:60,3
DA:61,0
DA:64,3
DA:65,0
LF:26
LH:20
BRDA:5,0,0,3
BRDA:33,1,0,1
BRDA:33,1,1,100
BRF:3
BRH:3
end_of_record
TN:
SF:src/game/logic/gameInitializer.ts
FN:36,(anonymous_0)
FN:40,(anonymous_1)
FN:52,(anonymous_2)
FN:65,(anonymous_3)
FN:82,(anonymous_4)
FN:127,(anonymous_5)
FN:137,(anonymous_6)
FN:164,(anonymous_7)
FN:178,(anonymous_8)
FN:192,(anonymous_9)
FN:203,(anonymous_10)
FN:220,(anonymous_11)
FN:236,(anonymous_12)
FN:240,(anonymous_13)
FN:252,(anonymous_14)
FN:256,(anonymous_15)
FN:260,(anonymous_16)
FNF:17
FNH:17
FNDA:22,(anonymous_0)
FNDA:22,(anonymous_1)
FNDA:12,(anonymous_2)
FNDA:24,(anonymous_3)
FNDA:196,(anonymous_4)
FNDA:196,(anonymous_5)
FNDA:3449,(anonymous_6)
FNDA:2458,(anonymous_7)
FNDA:5907,(anonymous_8)
FNDA:5907,(anonymous_9)
FNDA:19891,(anonymous_10)
FNDA:39782,(anonymous_11)
FNDA:45885,(anonymous_12)
FNDA:12,(anonymous_13)
FNDA:1,(anonymous_14)
FNDA:1,(anonymous_15)
FNDA:1,(anonymous_16)
DA:2,3
DA:33,3
DA:37,22
DA:41,22
DA:53,12
DA:54,12
DA:55,12
DA:57,12
DA:66,24
DA:67,24
DA:69,24
DA:70,96
DA:71,96
DA:72,196
DA:73,196
DA:74,178
DA:79,24
DA:83,196
DA:84,196
DA:86,196
DA:88,196
DA:89,4957
DA:92,4957
DA:93,3449
DA:95,1508
DA:98,4957
DA:104,4957
DA:105,177
DA:109,19
DA:110,950
DA:111,950
DA:113,950
DA:119,950
DA:120,1
DA:124,18
DA:128,196
DA:134,196
DA:142,3449
DA:143,3449
DA:145,3449
DA:146,3449
DA:147,3449
DA:148,3449
DA:149,3449
DA:153,3449
DA:154,1770
DA:155,1770
DA:157,1679
DA:158,1679
DA:161,3449
DA:167,2458
DA:168,1239
DA:169,1239
DA:171,1219
DA:172,1219
DA:175,2458
DA:179,5907
DA:180,133
DA:183,5774
DA:184,19891
DA:185,5596
DA:189,178
DA:193,5907
DA:194,5907
DA:196,5907
DA:197,3009
DA:199,2898
DA:204,19891
DA:205,19891
DA:207,19891
DA:208,75624
DA:209,158251
DA:211,158251
DA:212,5596
DA:217,14295
DA:221,39782
DA:222,39782
DA:223,39782
DA:225,39782
DA:226,134243
DA:227,67275
DA:229,66968
DA:233,39782
DA:237,45885
DA:241,12
DA:243,2
DA:245,2
DA:248,8
DA:253,1
DA:257,1
DA:261,1
LF:91
LH:91
BRDA:36,0,0,15
BRDA:73,1,0,178
BRDA:73,1,1,18
BRDA:89,2,0,2527
BRDA:89,2,1,2430
BRDA:92,3,0,3449
BRDA:92,3,1,1508
BRDA:92,4,0,4957
BRDA:92,4,1,3465
BRDA:104,5,0,177
BRDA:104,5,1,4780
BRDA:110,6,0,482
BRDA:110,6,1,468
BRDA:119,7,0,1
BRDA:119,7,1,949
BRDA:153,8,0,1770
BRDA:153,8,1,1679
BRDA:167,9,0,1239
BRDA:167,9,1,1219
BRDA:179,10,0,133
BRDA:179,10,1,5774
BRDA:184,11,0,5596
BRDA:184,11,1,14295
BRDA:196,12,0,3009
BRDA:196,12,1,2898
BRDA:197,13,0,3009
BRDA:197,13,1,3009
BRDA:197,13,2,2943
BRDA:197,13,3,2943
BRDA:199,14,0,2898
BRDA:199,14,1,2898
BRDA:199,14,2,2898
BRDA:199,14,3,2898
BRDA:211,15,0,5596
BRDA:211,15,1,152655
BRDA:226,16,0,67275
BRDA:226,16,1,66968
BRDA:241,17,0,2
BRDA:241,17,1,2
BRDA:241,17,2,8
BRDA:241,17,3,8
BRDA:248,18,0,6
BRDA:248,18,1,2
BRF:43
BRH:43
end_of_record
TN:
SF:src/game/logic/math.ts
FN:13,(anonymous_0)
FN:20,(anonymous_1)
FN:26,(anonymous_2)
FN:30,(anonymous_3)
FN:34,(anonymous_4)
FN:42,(anonymous_5)
FN:49,(anonymous_6)
FN:53,(anonymous_7)
FN:57,(anonymous_8)
FN:61,(anonymous_9)
FN:65,(anonymous_10)
FN:69,(anonymous_11)
FN:73,(anonymous_12)
FN:77,(anonymous_13)
FN:81,(anonymous_14)
FN:85,(anonymous_15)
FN:93,(anonymous_16)
FN:98,(anonymous_17)
FN:102,(anonymous_18)
FNF:19
FNH:19
FNDA:3,(anonymous_0)
FNDA:1,(anonymous_1)
FNDA:2,(anonymous_2)
FNDA:9,(anonymous_3)
FNDA:1,(anonymous_4)
FNDA:1,(anonymous_5)
FNDA:6,(anonymous_6)
FNDA:3,(anonymous_7)
FNDA:2,(anonymous_8)
FNDA:1,(anonymous_9)
FNDA:1,(anonymous_10)
FNDA:1,(anonymous_11)
FNDA:3,(anonymous_12)
FNDA:3,(anonymous_13)
FNDA:5,(anonymous_14)
FNDA:2,(anonymous_15)
FNDA:3,(anonymous_16)
FNDA:10,(anonymous_17)
FNDA:3,(anonymous_18)
DA:12,1
DA:14,3
DA:15,3
DA:16,3
DA:17,3
DA:21,1
DA:22,1
DA:23,1
DA:27,2
DA:31,9
DA:35,1
DA:43,1
DA:50,6
DA:54,3
DA:58,2
DA:62,1
DA:66,1
DA:70,1
DA:74,3
DA:78,3
DA:82,5
DA:86,2
DA:94,3
DA:95,3
DA:99,10
DA:103,3
LF:26
LH:26
BRDA:82,0,0,5
BRDA:82,0,1,5
BRDA:82,0,2,3
BRDA:82,0,3,3
BRDA:87,1,0,2
BRDA:87,1,1,2
BRDA:87,1,2,1
BRDA:87,1,3,1
BRDA:87,1,4,1
BRDA:87,1,5,1
BRDA:98,2,0,1
BRDA:102,3,0,1
BRDA:104,4,0,3
BRDA:104,4,1,2
BRDA:104,4,2,2
BRF:15
BRH:15
end_of_record
TN:
SF:src/game/logic/shipGenerator.ts
FN:20,(anonymous_0)
FN:25,(anonymous_1)
FN:56,(anonymous_2)
FN:77,(anonymous_3)
FN:103,(anonymous_4)
FN:119,(anonymous_5)
FN:129,(anonymous_6)
FN:133,(anonymous_7)
FN:137,(anonymous_8)
FN:138,(anonymous_9)
FNF:10
FNH:10
FNDA:32,(anonymous_0)
FNDA:33,(anonymous_1)
FNDA:2506,(anonymous_2)
FNDA:2515,(anonymous_3)
FNDA:6807,(anonymous_4)
FNDA:9313,(anonymous_5)
FNDA:9,(anonymous_6)
FNDA:3,(anonymous_7)
FNDA:2,(anonymous_8)
FNDA:8,(anonymous_9)
DA:9,3
DA:12,32
DA:13,32
DA:21,32
DA:22,32
DA:26,33
DA:27,33
DA:29,33
DA:30,126
DA:32,126
DA:33,314
DA:34,314
DA:36,314
DA:37,2506
DA:39,2506
DA:40,312
DA:41,312
DA:44,2506
DA:47,314
DA:48,2
DA:53,31
DA:57,2506
DA:58,2506
DA:62,2506
DA:63,205
DA:68,2301
DA:74,2506
DA:78,2515
DA:79,2515
DA:81,2515
DA:82,5762
DA:83,3
DA:87,2512
DA:88,4292
DA:89,4292
DA:91,4292
DA:92,10468
DA:93,21993
DA:94,2195
DA:100,317
DA:104,6807
DA:106,6807
DA:107,963
DA:108,2581
DA:111,5844
DA:112,12568
DA:116,6807
DA:120,9313
DA:126,9313
DA:130,9
DA:134,3
DA:138,8
LF:52
LH:52
BRDA:20,0,0,14
BRDA:20,1,0,14
BRDA:36,2,0,2820
BRDA:36,2,1,2818
BRDA:39,3,0,312
BRDA:39,3,1,2194
BRDA:47,4,0,2
BRDA:47,4,1,312
BRDA:57,5,0,205
BRDA:57,5,1,2301
BRDA:62,6,0,205
BRDA:62,6,1,2301
BRDA:82,7,0,3
BRDA:82,7,1,5759
BRDA:82,8,0,5762
BRDA:82,8,1,5762
BRDA:82,8,2,5760
BRDA:82,8,3,5760
BRDA:93,9,0,2195
BRDA:93,9,1,19798
BRDA:93,10,0,21993
BRDA:93,10,1,3801
BRDA:106,11,0,963
BRDA:106,11,1,5844
BRF:24
BRH:24
end_of_record
TN:
SF:src/game/logic/examples/mockBattleSimulation.ts
FN:31,createMockBattleWithPlayerWin
FN:182,createMockBattleWithEnemyWin
FN:228,createRandomBattleSimulation
FN:285,createQuickMockBattle
FN:319,runMockSimulation
FN:365,(anonymous_5)
FNF:6
FNH:0
FNDA:0,createMockBattleWithPlayerWin
FNDA:0,createMockBattleWithEnemyWin
FNDA:0,createRandomBattleSimulation
FNDA:0,createQuickMockBattle
FNDA:0,runMockSimulation
FNDA:0,(anonymous_5)
DA:1,1
DA:31,1
DA:34,0
DA:54,0
DA:56,0
DA:168,0
DA:170,0
DA:182,1
DA:185,0
DA:204,0
DA:206,0
DA:214,0
DA:216,0
DA:228,1
DA:232,0
DA:252,0
DA:254,0
DA:255,0
DA:257,0
DA:261,0
DA:262,0
DA:263,0
DA:264,0
DA:267,0
DA:268,0
DA:271,0
DA:273,0
DA:285,1
DA:286,0
DA:298,0
DA:300,0
DA:305,0
DA:307,0
DA:319,1
DA:322,0
DA:326,0
DA:328,0
DA:329,0
DA:331,0
DA:332,0
DA:334,0
DA:335,0
DA:338,0
DA:339,0
DA:342,0
DA:343,0
DA:344,0
DA:345,0
DA:348,0
DA:351,0
DA:357,0
DA:364,0
DA:365,0
DA:366,0
DA:375,0
LF:55
LH:6
BRDA:32,0,0,0
BRDA:183,1,0,0
BRDA:229,2,0,0
BRDA:230,3,0,0
BRDA:274,4,0,0
BRDA:274,4,1,0
BRDA:285,5,0,0
BRDA:320,6,0,0
BRDA:326,7,0,0
BRDA:326,7,1,0
BRDA:326,7,2,0
BRDA:326,7,3,0
BRDA:326,7,4,0
BRDA:369,8,0,0
BRDA:369,8,1,0
BRDA:370,9,0,0
BRDA:370,9,1,0
BRF:17
BRH:0
end_of_record
